2020-11-08 10:18:15,792 DEBUG WebAPITripCalculator.api.StudentController - Post Expense and return list of student after calculation: 1
2020-11-08 10:18:41,775 DEBUG WebAPITripCalculator.api.StudentController - Post Expense and return list of student after calculation: 2
2020-11-08 10:19:02,838 DEBUG WebAPITripCalculator.api.StudentController - Post Expense and return list of student after calculation: 3
2020-11-08 11:09:45,523 DEBUG WebAPITripCalculator.api.StudentController - student count: 3
2020-11-08 11:12:38,785 DEBUG WebAPITripCalculator.api.StudentController - student count: 3
2020-11-08 11:18:11,224 DEBUG WebAPITripCalculator.api.StudentController - student count: 3
2020-11-08 11:18:24,798 DEBUG WebAPITripCalculator.api.StudentController - student count: 3
2020-11-08 11:18:26,418 DEBUG WebAPITripCalculator.api.StudentController - student count: 3
2020-11-08 11:21:02,295 DEBUG WebAPITripCalculator.api.StudentController - student count: 3
2020-11-08 11:21:48,177 DEBUG WebAPITripCalculator.api.StudentController - student count: 3
2020-11-08 11:23:31,820 DEBUG WebAPITripCalculator.api.StudentController - student count: 3
2020-11-08 11:23:33,837 DEBUG WebAPITripCalculator.api.StudentController - student count: 3
2020-11-08 11:24:27,887 DEBUG WebAPITripCalculator.api.StudentController - student count: 3
2020-11-08 11:25:51,294 DEBUG WebAPITripCalculator.api.StudentController - student count: 3
2020-11-08 11:26:13,051 DEBUG WebAPITripCalculator.api.StudentController - student count: 3
2020-11-08 11:26:21,328 DEBUG WebAPITripCalculator.api.StudentController - student count: 3
2020-11-08 11:27:41,525 DEBUG WebAPITripCalculator.api.StudentController - student count: 3
2020-11-08 11:27:44,791 DEBUG WebAPITripCalculator.api.StudentController - student count: 3
2020-11-08 11:28:02,051 DEBUG WebAPITripCalculator.api.StudentController - student count: 3
2020-11-08 11:30:39,101 DEBUG WebAPITripCalculator.api.StudentController - student count: 3
2020-11-08 11:36:39,509 DEBUG WebAPITripCalculator.api.StudentController - student count: 3
2020-11-08 11:37:29,971 DEBUG WebAPITripCalculator.api.StudentController - student count: 3
2020-11-08 11:37:35,450 DEBUG WebAPITripCalculator.api.StudentController - student count: 3
2020-11-08 11:45:17,074 DEBUG WebAPITripCalculator.api.StudentController - student count
2020-11-08 11:45:44,387 DEBUG WebAPITripCalculator.api.StudentController - student count
2020-11-08 11:46:39,643 DEBUG WebAPITripCalculator.api.StudentController - student count
2020-11-08 11:47:14,122 DEBUG WebAPITripCalculator.api.StudentController - student count
2020-11-08 11:47:16,793 DEBUG WebAPITripCalculator.api.StudentController - student count
2020-11-08 11:47:17,448 DEBUG WebAPITripCalculator.api.StudentController - student count
2020-11-08 11:47:17,859 DEBUG WebAPITripCalculator.api.StudentController - student count
2020-11-08 11:47:18,133 DEBUG WebAPITripCalculator.api.StudentController - student count
2020-11-08 11:47:18,333 DEBUG WebAPITripCalculator.api.StudentController - student count
2020-11-08 11:47:18,548 DEBUG WebAPITripCalculator.api.StudentController - student count
2020-11-08 11:47:18,785 DEBUG WebAPITripCalculator.api.StudentController - student count
2020-11-08 11:47:18,965 DEBUG WebAPITripCalculator.api.StudentController - student count
2020-11-08 11:47:19,140 DEBUG WebAPITripCalculator.api.StudentController - student count
2020-11-08 11:47:19,348 DEBUG WebAPITripCalculator.api.StudentController - student count
2020-11-08 11:47:19,542 DEBUG WebAPITripCalculator.api.StudentController - student count
2020-11-08 11:49:49,442 DEBUG WebAPITripCalculator.api.StudentController - student count
2020-11-08 11:50:54,576 DEBUG WebAPITripCalculator.api.StudentController - student count
2020-11-08 11:50:56,084 DEBUG WebAPITripCalculator.api.StudentController - student count: 3
2020-11-08 11:52:26,644 DEBUG WebAPITripCalculator.api.StudentController - student count
2020-11-08 11:52:26,647 DEBUG WebAPITripCalculator.api.StudentController - student count: 3
2020-11-08 11:52:35,014 DEBUG WebAPITripCalculator.api.StudentController - student count
2020-11-08 11:52:35,016 DEBUG WebAPITripCalculator.api.StudentController - student count: 3
2020-11-08 11:52:36,353 DEBUG WebAPITripCalculator.api.StudentController - student count
2020-11-08 11:52:36,355 DEBUG WebAPITripCalculator.api.StudentController - student count: 3
2020-11-08 11:53:55,106 DEBUG WebAPITripCalculator.api.StudentController - student count
2020-11-08 11:53:55,108 DEBUG WebAPITripCalculator.api.StudentController - student count: 3
2020-11-08 11:54:07,933 DEBUG WebAPITripCalculator.api.StudentController - Post Expense and return list of student after calculation: 1
2020-11-08 11:58:26,213 DEBUG WebAPITripCalculator.api.StudentController - student count
2020-11-08 11:58:27,760 DEBUG WebAPITripCalculator.api.StudentController - student count: 3
2020-11-08 12:01:00,331 DEBUG WebAPITripCalculator.api.StudentController - student count: 3
2020-11-08 12:01:20,591 DEBUG WebAPITripCalculator.api.StudentController - Post Expense and return list of student after calculation: 2
2020-11-08 12:02:00,976 DEBUG WebAPITripCalculator.api.StudentController - Post Expense and return list of student after calculation: 3
2020-11-08 12:05:16,404 DEBUG WebAPITripCalculator.api.StudentController - student count: 3
2020-11-08 12:05:18,779 DEBUG WebAPITripCalculator.api.StudentController - student count: 3
2020-11-08 12:05:20,951 DEBUG WebAPITripCalculator.api.StudentController - student count: 3
2020-11-08 12:05:36,041 DEBUG WebAPITripCalculator.api.StudentController - Post Expense and return list of student after calculation: 4
2020-11-08 12:11:59,263 DEBUG WebAPITripCalculator.api.StudentController - student count: 3
2020-11-08 12:12:12,914 DEBUG WebAPITripCalculator.api.StudentController - Post Expense and return list of student after calculation: 5
2020-11-08 12:14:04,836 DEBUG WebAPITripCalculator.api.StudentController - student count: 3
2020-11-08 12:14:19,409 DEBUG WebAPITripCalculator.api.StudentController - Post Expense and return list of student after calculation: 6
2020-11-08 12:17:16,592 DEBUG WebAPITripCalculator.api.StudentController - student count: 3
2020-11-08 12:17:47,105 DEBUG WebAPITripCalculator.api.StudentController - Post Expense and return list of student after calculation: 7
2020-11-08 12:20:01,923 DEBUG WebAPITripCalculator.api.StudentController - student count: 3
2020-11-08 12:20:14,868 DEBUG WebAPITripCalculator.api.StudentController - Post Expense and return list of student after calculation: 8
2020-11-08 12:20:21,121 DEBUG WebAPITripCalculator.api.StudentController - Post Expense and return list of student after calculation: 9
2020-11-08 12:28:49,811 DEBUG WebAPITripCalculator.api.StudentController - student count: 3
2020-11-08 12:34:25,160 DEBUG WebAPITripCalculator.api.StudentController - student count: 3
2020-11-08 12:35:19,753 DEBUG WebAPITripCalculator.api.StudentController - student count: 3
2020-11-08 12:39:17,774 DEBUG WebAPITripCalculator.api.StudentController - student count: 3
2020-11-08 12:46:18,477 DEBUG WebAPITripCalculator.api.StudentController - student count: 3
2020-11-08 12:46:21,425 DEBUG WebAPITripCalculator.api.StudentController - student count: 3
2020-11-08 12:47:01,351 DEBUG WebAPITripCalculator.api.StudentController - student count: 3
2020-11-08 12:48:29,874 DEBUG WebAPITripCalculator.api.StudentController - student count: 3
2020-11-08 13:08:09,031 DEBUG WebAPITripCalculator.api.StudentController - student count: 3
2020-11-08 13:14:51,088 DEBUG WebAPITripCalculator.api.StudentController - student count: 3
2020-11-08 13:15:54,918 DEBUG WebAPITripCalculator.api.StudentController - student count: 3
2020-11-08 13:19:47,911 DEBUG WebAPITripCalculator.api.StudentController - student count: 3
2020-11-08 13:28:38,411 DEBUG WebAPITripCalculator.api.StudentController - student count: 3
2020-11-08 13:29:20,157 DEBUG WebAPITripCalculator.api.StudentController - student count: 3
2020-11-08 13:29:54,013 DEBUG WebAPITripCalculator.api.StudentController - student count: 3
2020-11-08 13:30:40,212 DEBUG WebAPITripCalculator.api.StudentController - student count: 3
2020-11-08 13:31:18,576 DEBUG WebAPITripCalculator.api.StudentController - student count: 3
2020-11-08 13:31:34,506 DEBUG WebAPITripCalculator.api.StudentController - student count: 3
2020-11-08 13:34:42,382 DEBUG WebAPITripCalculator.api.StudentController - student count: 3
2020-11-08 13:36:09,360 DEBUG WebAPITripCalculator.api.StudentController - student count: 3
2020-11-08 13:36:57,037 DEBUG WebAPITripCalculator.api.StudentController - student count: 3
2020-11-08 14:11:10,673 DEBUG WebAPITripCalculator.api.StudentController - GetStudents
2020-11-08 14:11:15,935 DEBUG WebAPITripCalculator.api.StudentController - GetStudent
2020-11-08 14:11:21,115 DEBUG WebAPITripCalculator.api.StudentController - Post expense
2020-11-08 14:11:23,621 DEBUG WebAPITripCalculator.api.StudentController - GetStudent
2020-11-08 14:13:08,937 DEBUG WebAPITripCalculator.api.StudentController - GetStudents
2020-11-08 14:13:18,074 DEBUG WebAPITripCalculator.api.StudentController - Post expense
2020-11-08 14:13:20,928 DEBUG WebAPITripCalculator.api.StudentController - GetStudent
2020-11-08 14:14:00,954 DEBUG WebAPITripCalculator.api.StudentController - GetStudents
2020-11-08 14:14:15,488 DEBUG WebAPITripCalculator.api.StudentController - Post expense
2020-11-08 14:14:19,146 DEBUG WebAPITripCalculator.api.StudentController - GetStudent
2020-11-08 14:14:29,851 DEBUG WebAPITripCalculator.api.StudentController - Post expense
2020-11-08 14:14:31,685 DEBUG WebAPITripCalculator.api.StudentController - GetStudent
2020-11-08 14:17:30,765 DEBUG WebAPITripCalculator.api.StudentController - GetStudents
2020-11-08 14:17:40,265 DEBUG WebAPITripCalculator.api.StudentController - Post expense
2020-11-08 14:17:42,620 DEBUG WebAPITripCalculator.api.StudentController - GetStudent
2020-11-08 14:40:49,847 DEBUG WebAPITripCalculator.api.StudentController - GetStudents
2020-11-08 14:41:04,496 DEBUG WebAPITripCalculator.api.StudentController - GetStudent
2020-11-08 14:41:11,874 DEBUG WebAPITripCalculator.api.StudentController - Post expense
2020-11-08 14:41:14,344 DEBUG WebAPITripCalculator.api.StudentController - GetStudent
